<?xml version="1.0" encoding="UTF-8"?>
<testsuite xmlns:xsi="http://www.w3.org/2001/XMLSchema-instance" xsi:noNamespaceSchemaLocation="https://maven.apache.org/surefire/maven-surefire-plugin/xsd/surefire-test-report.xsd" name="com.example.LionAlexTests" time="0.49" tests="3" errors="0" skipped="0" failures="0">
  <properties>
[...]
</properties>
  <testcase name="getFriendsIsCorrect" classname="com.example.LionAlexTests" time="0.456"/>
  <testcase name="getKittensIsAlwaysZero" classname="com.example.LionAlexTests" time="0.001"/>
  <testcase name="getPlaceOfLivingIsCorrect" classname="com.example.LionAlexTests" time="0"/>
</testsuite>